app/build/outputs/mapping/debug/seeds.txt
com.android.music.TouchInterceptor
com.android.music.MediaPlaybackService$5
com.android.music.MediaButtonIntentReceiver
com.android.music.IMediaPlaybackService
com.android.music.WeekSelector
com.android.music.MusicBrowserActivity$4
com.android.music.MediaPlaybackActivity
com.android.music.QueryBrowserActivity
com.android.music.PlaylistBrowserActivity$2
com.android.music.MediaPickerActivity
com.android.music.CheckableRelativeLayout
com.android.music.IMediaPlaybackService$Stub
com.android.music.MediaAppWidgetProvider
com.android.music.RenamePlaylist
com.android.music.AlbumBrowserActivity$1
com.android.music.StreamStarter
com.android.music.ArtistAlbumBrowserActivity
com.android.music.ArtistAlbumBrowserActivity$2
com.android.music.QueryBrowserActivity$1
com.android.music.DeleteItems
com.android.music.RepeatingImageButton
com.android.music.MediaPlaybackService$3
com.android.music.MediaPlaybackActivity$13
com.android.music.TrackBrowserActivity$1
com.android.music.ArtistAlbumBrowserActivity$1
com.android.music.CreatePlaylist
com.android.music.TrackBrowserActivity
com.android.music.TrackBrowserActivity$5
com.android.music.TrackBrowserActivity$6
com.android.music.VideoBrowserActivity
com.android.music.MusicBrowserActivity
com.android.music.AlbumBrowserActivity$2
com.android.music.MediaPlaybackService
com.android.music.StreamStarter$2
com.android.music.AlbumBrowserActivity
com.android.music.PlaylistBrowserActivity
com.android.music.IMediaPlaybackService$Default
com.android.music.IMediaPlaybackService$Stub$Proxy
com.android.music.MusicPicker
com.android.music.ScanningProgress
com.android.music.MediaPlaybackActivity: android.widget.ImageButton mQueueButton
com.android.music.AlbumBrowserActivity: java.lang.String mArtistId
com.android.music.MediaPlaybackActivity: android.view.View$OnClickListener mNextListener
com.android.music.MediaPlaybackService: boolean mQuietMode
com.android.music.TrackBrowserActivity: com.android.music.TrackBrowserActivity$TrackListAdapter mAdapter
com.android.music.MediaPlaybackActivity: int REFRESH
com.android.music.QueryBrowserActivity: android.widget.ListView mTrackList
com.android.music.MediaPlaybackActivity: android.view.View$OnClickListener mPrevListener
com.android.music.QueryBrowserActivity: int EXPLORE_ARTIST
com.android.music.DeleteItems: int[] mItemList
com.android.music.MediaPlaybackActivity: boolean mDeviceHasNoDpad
com.android.music.MediaPlaybackActivity: android.widget.Toast mToast
com.android.music.MediaPlaybackActivity: android.widget.TextView mAlbumName
com.android.music.TrackBrowserActivity: int SEARCH_INLINE
com.android.music.MediaPlaybackService: java.lang.String PLAYSTATE_CHANGED
com.android.music.TrackBrowserActivity: android.database.Cursor mTrackCursor
com.android.music.ArtistAlbumBrowserActivity: boolean mAdapterSent
com.android.music.PlaylistBrowserActivity: long ALL_SONGS_PLAYLIST
com.android.music.AlbumBrowserActivity$2: com.android.music.AlbumBrowserActivity this$0
com.android.music.PlaylistBrowserActivity: int EDIT_PLAYLIST
com.android.music.MediaPlaybackActivity: boolean mFromTouch
com.android.music.IMediaPlaybackService$Stub: int TRANSACTION_prev
com.android.music.TrackBrowserActivity: int CLEAR_PLAYLIST
com.android.music.MusicPicker: java.lang.String mSortOrder
com.android.music.MediaPlaybackService: java.lang.String PAUSE_ACTION
com.android.music.TrackBrowserActivity: java.lang.String[] mCursorCols
com.android.music.MediaPlaybackService: java.lang.String[] mCursorCols
com.android.music.IMediaPlaybackService$Stub: int TRANSACTION_seek
com.android.music.MediaPlaybackService: androidx.core.app.NotificationManagerCompat mNotificationManagerCompat
com.android.music.ArtistAlbumBrowserActivity: android.content.BroadcastReceiver mScanListener
com.android.music.IMediaPlaybackService$Stub: int TRANSACTION_removeTrack
com.android.music.MediaPlaybackActivity: android.content.BroadcastReceiver mStatusListener
com.android.music.MediaPickerActivity: android.database.Cursor mCursor
...
android.support.v4.media.session.MediaControllerCompat$TransportControlsBase: void setShuffleMode(int)
androidx.core.app.NotificationChannelCompat: android.net.Uri getSound()
android.support.v4.media.session.MediaSessionCompat$QueueItem$1: android.support.v4.media.session.MediaSessionCompat$QueueItem createFromParcel(android.os.Parcel)
androidx.core.app.ActivityCompat$SharedElementCallback21Impl: android.os.Parcelable onCaptureSharedElementSnapshot(android.view.View,android.graphics.Matrix,android.graphics.RectF)
android.support.v4.media.MediaMetadataCompat: java.util.Set keySet()
android.support.v4.media.MediaBrowserCompat$MediaBrowserImplBase$3: void run()
android.support.v4.media.RatingCompat$Api19Impl: float getPercentRating(android.media.Rating)
android.support.v4.media.session.IMediaSession$Default: boolean sendMediaButton(android.view.KeyEvent)
android.support.v4.media.session.IMediaSession$Default: android.app.PendingIntent getLaunchPendingIntent()
android.support.v4.media.session.MediaControllerCompat$Callback: void onSessionDestroyed()
androidx.core.app.PendingIntentCompat$Api23Impl: PendingIntentCompat$Api23Impl()
android.support.v4.media.session.IMediaSession$Default: void rateWithExtras(android.support.v4.media.RatingCompat,android.os.Bundle)
androidx.core.app.NotificationManagerCompat$Api28Impl: android.app.NotificationChannelGroup getNotificationChannelGroup(android.app.NotificationManager,java.lang.String)
androidx.core.app.NotificationManagerCompat$Api26Impl: void createNotificationChannelGroups(android.app.NotificationManager,java.util.List)
androidx.core.app.ActivityOptionsCompat$Api24Impl: android.graphics.Rect getLaunchBounds(android.app.ActivityOptions)
androidx.media.AudioAttributesImplApi21: int getRawLegacyStreamType()
androidx.core.content.res.ResourcesCompat$Api23Impl: int getColor(android.content.res.Resources,int,android.content.res.Resources$Theme)
android.support.v4.media.MediaBrowserCompat$MediaBrowserImplBase$4: MediaBrowserCompat$MediaBrowserImplBase$4(android.support.v4.media.MediaBrowserCompat$MediaBrowserImplBase,android.support.v4.media.MediaBrowserCompat$ItemCallback,java.lang.String)
android.support.v4.media.session.MediaSessionCompat$MediaSessionImplApi21$ExtraSession: android.support.v4.media.session.ParcelableVolumeInfo getVolumeAttributes()
androidx.core.app.NotificationChannelCompat$Api26Impl: int getImportance(android.app.NotificationChannel)
androidx.core.app.NotificationCompat$Action: androidx.core.graphics.drawable.IconCompat getIconCompat()
android.support.v4.media.MediaDescriptionCompat$1: java.lang.Object createFromParcel(android.os.Parcel)
androidx.media.MediaSessionManagerImplApi21: boolean hasMediaControlPermission(androidx.media.MediaSessionManager$RemoteUserInfoImpl)
android.support.v4.media.session.MediaControllerCompat$TransportControlsApi21: MediaControllerCompat$TransportControlsApi21(android.media.session.MediaController$TransportControls)
android.support.v4.media.session.PlaybackStateCompat$Api21Impl: android.os.Bundle getExtras(android.media.session.PlaybackState$CustomAction)
android.support.v4.media.session.IMediaSession: java.lang.String getPackageName()
android.support.v4.media.session.MediaSessionCompat: boolean isActive()
androidx.core.app.NotificationCompat$WearableExtender$Api31Impl: android.app.Notification$Action$Builder setAuthenticationRequired(android.app.Notification$Action$Builder,boolean)
androidx.core.app.NotificationCompat$InboxStyle: androidx.core.app.NotificationCompat$InboxStyle addLine(java.lang.CharSequence)
androidx.core.app.NotificationCompat$CallStyle: NotificationCompat$CallStyle()
androidx.core.app.NotificationCompat$Api26Impl: java.lang.String getChannelId(android.app.Notification)
android.support.v4.media.session.MediaSessionCompat$Callback: void onPlayFromSearch(java.lang.String,android.os.Bundle)
androidx.core.app.NotificationCompat$Builder: boolean useExistingRemoteView()