app/build/outputs/mapping/debug/mapping.txt
# compiler: R8
# compiler_version: 8.7.14
# min_api: 26
# common_typos_disable
# {"id":"com.android.tools.r8.mapping","version":"2.2"}
# pg_map_id: 2a4354f
# pg_map_hash: SHA-256 2a4354fd911eda073e6bcee0447944af08cfadbd0aefb32d6302abaa1d894b17
com.android.music.AlbumBrowserActivity -> com.android.music.AlbumBrowserActivity:
# {"id":"sourceFile","fileName":"AlbumBrowserActivity.java"}
    0:0:com.android.music.AlbumBrowserActivity$AlbumListAdapter -$$Nest$fgetmAdapter(com.android.music.AlbumBrowserActivity) -> -$$Nest$fgetmAdapter
      # {"id":"com.android.tools.r8.synthesized"}
    0:0:android.database.Cursor -$$Nest$fgetmAlbumCursor(com.android.music.AlbumBrowserActivity) -> -$$Nest$fgetmAlbumCursor
      # {"id":"com.android.tools.r8.synthesized"}
    0:0:android.os.Handler -$$Nest$fgetmReScanHandler(com.android.music.AlbumBrowserActivity) -> -$$Nest$fgetmReScanHandler
      # {"id":"com.android.tools.r8.synthesized"}
    0:0:void -$$Nest$fputmAlbumCursor(com.android.music.AlbumBrowserActivity,android.database.Cursor) -> -$$Nest$fputmAlbumCursor
      # {"id":"com.android.tools.r8.synthesized"}
    0:0:android.database.Cursor -$$Nest$mgetAlbumCursor(com.android.music.AlbumBrowserActivity,android.content.AsyncQueryHandler,java.lang.String) -> -$$Nest$mgetAlbumCursor
      # {"id":"com.android.tools.r8.synthesized"}
    78:78:void <init>() -> <init>
    79:79:void <init>() -> <init>
    189:189:void <init>() -> <init>
    195:195:void <init>() -> <init>
    206:206:void <init>() -> <init>
    322:322:void doSearch() -> doSearch
    323:323:void doSearch() -> doSearch
    325:325:void doSearch() -> doSearch
    326:326:void doSearch() -> doSearch
    327:327:void doSearch() -> doSearch
com.android.music.AlbumBrowserActivity$1 -> com.android.music.AlbumBrowserActivity$1:
# {"id":"sourceFile","fileName":"AlbumBrowserActivity.java"}
    189:189:void <init>(com.android.music.AlbumBrowserActivity) -> <init>
    192:192:void onReceive(android.content.Context,android.content.Intent) -> onReceive
    193:193:void onReceive(android.content.Context,android.content.Intent) -> onReceive
com.android.music.AlbumBrowserActivity$2 -> com.android.music.AlbumBrowserActivity$2:
# {"id":"sourceFile","fileName":"AlbumBrowserActivity.java"}
    195:195:void <init>(com.android.music.AlbumBrowserActivity) -> <init>
    198:198:void onReceive(android.content.Context,android.content.Intent) -> onReceive
    199:199:void onReceive(android.content.Context,android.content.Intent) -> onReceive
    200:200:void onReceive(android.content.Context,android.content.Intent) -> onReceive
    201:201:void onReceive(android.content.Context,android.content.Intent) -> onReceive
    203:203:void onReceive(android.content.Context,android.content.Intent) -> onReceive
com.android.music.AlbumBrowserActivity$3 -> com.android.music.AlbumBrowserActivity$3:
# {"id":"sourceFile","fileName":"AlbumBrowserActivity.java"}
    206:206:void <init>(com.android.music.AlbumBrowserActivity) -> <init>
    209:209:void handleMessage(android.os.Message) -> handleMessage
    210:210:void handleMessage(android.os.Message) -> handleMessage
com.android.music.AlbumBrowserActivity$4 -> com.android.music.AlbumBrowserActivity$4:
# {"id":"sourceFile","fileName":"AlbumBrowserActivity.java"}
    350:350:void <init>(com.android.music.AlbumBrowserActivity) -> <init>
    362:362:void afterTextChanged(android.text.Editable) -> afterTextChanged
    351:351:void beforeTextChanged(java.lang.CharSequence,int,int,int) -> beforeTextChanged
    353:353:void onTextChanged(java.lang.CharSequence,int,int,int) -> onTextChanged
    354:354:void onTextChanged(java.lang.CharSequence,int,int,int) -> onTextChanged
    355:355:void onTextChanged(java.lang.CharSequence,int,int,int) -> onTextChanged
    356:356:void onTextChanged(java.lang.CharSequence,int,int,int) -> onTextChanged
    358:358:void onTextChanged(java.lang.CharSequence,int,int,int) -> onTextChanged
    361:361:void onTextChanged(java.lang.CharSequence,int,int,int) -> onTextChanged
...
android.support.v4.media.session.IMediaControllerCallback$Stub$Proxy -> android.support.v4.media.session.IMediaControllerCallback$Stub$Proxy:
# {"id":"sourceFile","fileName":"IMediaControllerCallback.java"}
    200:200:void <init>(android.os.IBinder) -> <init>
    201:201:void <init>(android.os.IBinder) -> <init>
    202:202:void <init>(android.os.IBinder) -> <init>
    205:205:android.os.IBinder asBinder() -> asBinder
    209:209:java.lang.String getInterfaceDescriptor() -> getInterfaceDescriptor
    340:340:void onCaptioningEnabledChanged(boolean) -> onCaptioningEnabledChanged
    342:342:void onCaptioningEnabledChanged(boolean) -> onCaptioningEnabledChanged
    343:343:void onCaptioningEnabledChanged(boolean) -> onCaptioningEnabledChanged
    344:344:void onCaptioningEnabledChanged(boolean) -> onCaptioningEnabledChanged
    347:347:void onCaptioningEnabledChanged(boolean) -> onCaptioningEnabledChanged
    348:348:void onCaptioningEnabledChanged(boolean) -> onCaptioningEnabledChanged
    349:349:void onCaptioningEnabledChanged(boolean) -> onCaptioningEnabledChanged
    213:213:void onEvent(java.lang.String,android.os.Bundle) -> onEvent
    215:215:void onEvent(java.lang.String,android.os.Bundle) -> onEvent
    216:216:void onEvent(java.lang.String,android.os.Bundle) -> onEvent
    217:217:void onEvent(java.lang.String,android.os.Bundle) -> onEvent
    218:218:void onEvent(java.lang.String,android.os.Bundle) -> onEvent
android.support.v4.media.session.IMediaControllerCallback$_Parcel -> android.support.v4.media.session.IMediaControllerCallback$_Parcel:
# {"id":"sourceFile","fileName":"IMediaControllerCallback.java"}
    404:404:void <init>() -> <init>
    404:404:java.lang.Object access$000(android.os.Parcel,android.os.Parcelable$Creator) -> access$000
    404:404:void access$100(android.os.Parcel,android.os.Parcelable,int) -> access$100
    404:404:void access$200(android.os.Parcel,java.util.List,int) -> access$200
    408:408:java.lang.Object readTypedObject(android.os.Parcel,android.os.Parcelable$Creator) -> readTypedObject
    409:409:java.lang.Object readTypedObject(android.os.Parcel,android.os.Parcelable$Creator) -> readTypedObject
    411:411:java.lang.Object readTypedObject(android.os.Parcel,android.os.Parcelable$Creator) -> readTypedObject
    425:425:void writeTypedList(android.os.Parcel,java.util.List,int) -> writeTypedList
    426:426:void writeTypedList(android.os.Parcel,java.util.List,int) -> writeTypedList
    428:428:void writeTypedList(android.os.Parcel,java.util.List,int) -> writeTypedList
    429:429:void writeTypedList(android.os.Parcel,java.util.List,int) -> writeTypedList
    430:430:void writeTypedList(android.os.Parcel,java.util.List,int) -> writeTypedList
    431:431:void writeTypedList(android.os.Parcel,java.util.List,int) -> writeTypedList
    432:432:void writeTypedList(android.os.Parcel,java.util.List,int) -> writeTypedList
android.support.v4.media.session.IMediaSession -> android.support.v4.media.session.IMediaSession:
# {"id":"sourceFile","fileName":"IMediaSession.java"}