app/build/outputs/mapping/debug/usage.txt
com.android.music.MediaFileCompat
com.android.music.MusicUtils$Defs
com.android.music.MusicUtils:
    private static final java.lang.String TAG
    public void <init>()
    protected static android.net.Uri getContentURIForPath(java.lang.String)
com.android.music.R$array:
    private void <init>()
com.android.music.R$color:
    public static int appwidget_shadow
    public static int appwidget_text
    public static int expanding_child_background
    private void <init>()
com.android.music.R$dimen
com.android.music.R$drawable:
    public static int album_border_large
    public static int app_music
    public static int app_video
    public static int appwidget_bg
    public static int appwidget_inner
    public static int appwidget_inner_dither
    public static int appwidget_next
    public static int appwidget_next_focused
    public static int appwidget_next_normal
    public static int appwidget_next_pressed
    public static int appwidget_pause_focused
    public static int appwidget_pause_normal
    public static int appwidget_pause_pressed
    public static int appwidget_play_focused
    public static int appwidget_play_normal
    public static int appwidget_play_pressed
    public static int btn_music_highlight
    public static int btn_music_normal
    public static int btn_music_pressed
    public static int ic_mp_album_playback
    public static int ic_mp_artist_playback
    public static int ic_mp_current_playlist_btn
    public static int ic_mp_screen_albums
    public static int ic_mp_screen_artists
    public static int ic_mp_screen_playlists
    public static int ic_mp_screen_tracks
    public static int ic_mp_sd_card
    public static int ic_mp_song_playback
    public static int ic_slide_keyboard
    public static int indicator_ic_mp_playing_large
    public static int list_selector
    public static int main_menu_button
    public static int stat_notify_musicplayer
    private void <init>()
com.android.music.R$id:
    public static int artistalbum
    public static int message
    public static int spinner
    private void <init>()
com.android.music.R$layout:
    public static int audio_player_common
    public static int sd_error
    public static int statusbar
    public static int track_list_item_common
    private void <init>()
com.android.music.R$plurals:
    private void <init>()
com.android.music.R$string:
    public static int albums_menu
    public static int browse_menu
    public static int cancel
    public static int delete_confirm_button_text
    public static int gadget_track
    public static int loading
    public static int mediapickerlabel
    public static int mediaplaybacklabel
    public static int music_picker_title
    public static int musicbrowserlabel
    public static int musicshortcutlabel
    public static int no_tracks_title
    public static int notification_artist_album
    public static int playlists_menu
    public static int scanning
    public static int search_settings_description
    public static int tracks_menu
    public static int videobrowserlabel
    public static int weekpicker_set
    public static int weekpicker_title
    private void <init>()
com.android.music.R$xml
com.android.music.R
com.android.music.RepeatingImageButton:
    public void <init>(android.content.Context)
com.android.music.TouchInterceptor:
    private static final int FLING
    private static final int SLIDE
com.android.music.TrackBrowserActivity$NowPlayingCursor:
    private void dump()
com.android.music.TouchInterceptor$DragListener:
    public abstract void drag(int,int)
com.android.music.TouchInterceptor:
    public com.android.music.TouchInterceptor$DragListener mDragListener
...
kotlinx.coroutines.channels.ClosedReceiveChannelException
kotlinx.coroutines.channels.ClosedSendChannelException
kotlinx.coroutines.channels.ConflatedBroadcastChannel$Closed
kotlinx.coroutines.channels.ConflatedBroadcastChannel$Companion
kotlinx.coroutines.channels.ConflatedBroadcastChannel$State
kotlinx.coroutines.channels.ConflatedBroadcastChannel$Subscriber
kotlinx.coroutines.channels.ConflatedBroadcastChannel$onSend$1
kotlinx.coroutines.channels.ConflatedBroadcastChannel
kotlinx.coroutines.channels.ConflatedChannel
kotlinx.coroutines.channels.LazyActorCoroutine
kotlinx.coroutines.channels.LazyBroadcastCoroutine
kotlinx.coroutines.channels.LinkedListChannel
kotlinx.coroutines.channels.ProduceKt$awaitClose$1
kotlinx.coroutines.channels.ProduceKt$awaitClose$2
kotlinx.coroutines.channels.ProduceKt$awaitClose$4$1
kotlinx.coroutines.channels.ProduceKt
kotlinx.coroutines.channels.ProducerCoroutine
kotlinx.coroutines.channels.ProducerScope$DefaultImpls
kotlinx.coroutines.channels.ProducerScope
kotlinx.coroutines.channels.Receive
kotlinx.coroutines.channels.ReceiveChannel$DefaultImpls
kotlinx.coroutines.channels.ReceiveChannel$onReceiveOrNull$1$registerSelectClause1$1
kotlinx.coroutines.channels.ReceiveChannel$onReceiveOrNull$1
kotlinx.coroutines.channels.ReceiveChannel$receiveOrNull$1
kotlinx.coroutines.channels.ReceiveChannel
kotlinx.coroutines.channels.ReceiveOrClosed
kotlinx.coroutines.channels.RendezvousChannel
kotlinx.coroutines.channels.Send
kotlinx.coroutines.channels.SendChannel$DefaultImpls
kotlinx.coroutines.channels.SendChannel
kotlinx.coroutines.channels.SendElement
kotlinx.coroutines.channels.SendElementWithUndeliveredHandler
kotlinx.coroutines.channels.TickerChannelsKt$fixedDelayTicker$1
kotlinx.coroutines.channels.TickerChannelsKt$fixedPeriodTicker$1
kotlinx.coroutines.channels.TickerChannelsKt$ticker$3$WhenMappings
kotlinx.coroutines.channels.TickerChannelsKt$ticker$3
kotlinx.coroutines.channels.TickerChannelsKt
kotlinx.coroutines.channels.TickerMode
kotlinx.coroutines.debug.AgentPremain$DebugProbesTransformer
kotlinx.coroutines.debug.AgentPremain
kotlinx.coroutines.debug.internal.AgentInstallationType
kotlinx.coroutines.debug.internal.ConcurrentWeakMap$Core$KeyValueIterator
kotlinx.coroutines.debug.internal.ConcurrentWeakMap$Core
kotlinx.coroutines.debug.internal.ConcurrentWeakMap$Entry
kotlinx.coroutines.debug.internal.ConcurrentWeakMap$KeyValueSet
kotlinx.coroutines.debug.internal.ConcurrentWeakMap$entries$1
kotlinx.coroutines.debug.internal.ConcurrentWeakMap$keys$1
kotlinx.coroutines.debug.internal.ConcurrentWeakMap
kotlinx.coroutines.debug.internal.ConcurrentWeakMapKt
kotlinx.coroutines.debug.internal.DebugCoroutineInfo
kotlinx.coroutines.debug.internal.DebugCoroutineInfoImpl$creationStackTrace$1
kotlinx.coroutines.debug.internal.DebugCoroutineInfoImpl$yieldFrames$1
kotlinx.coroutines.debug.internal.DebugCoroutineInfoImpl
kotlinx.coroutines.debug.internal.DebugCoroutineInfoImplKt
kotlinx.coroutines.debug.internal.DebugProbesImpl$CoroutineOwner
kotlinx.coroutines.debug.internal.DebugProbesImpl$SequenceNumberRefVolatile
kotlinx.coroutines.debug.internal.DebugProbesImpl$dumpCoroutinesInfo$$inlined$dumpCoroutinesInfoImpl$1
kotlinx.coroutines.debug.internal.DebugProbesImpl$dumpCoroutinesInfoImpl$1$3
kotlinx.coroutines.debug.internal.DebugProbesImpl$dumpCoroutinesInfoImpl$lambda-12$$inlined$sortedBy$1
kotlinx.coroutines.debug.internal.DebugProbesImpl$dumpCoroutinesSynchronized$1$2
kotlinx.coroutines.debug.internal.DebugProbesImpl$dumpCoroutinesSynchronized$lambda-19$$inlined$sortedBy$1
kotlinx.coroutines.debug.internal.DebugProbesImpl$dumpDebuggerInfo$$inlined$dumpCoroutinesInfoImpl$1
kotlinx.coroutines.debug.internal.DebugProbesImpl$startWeakRefCleanerThread$1
kotlinx.coroutines.debug.internal.DebugProbesImpl
kotlinx.coroutines.debug.internal.DebugProbesKt
kotlinx.coroutines.debug.internal.DebuggerInfo
kotlinx.coroutines.debug.internal.HashedWeakRef
kotlinx.coroutines.debug.internal.Marked